C51 COMPILER V9.59.0.0   PANTALLAS                                                         07/27/2021 14:31:10 PAGE 1   


C51 COMPILER V9.59.0.0, COMPILATION OF MODULE PANTALLAS
OBJECT MODULE PLACED IN .\Objects\pantallas.obj
COMPILER INVOKED BY: C:\Keil_v5\C51\BIN\C51.EXE pantallas.c LARGE OPTIMIZE(8,SPEED) BROWSE DEBUG OBJECTEXTEND PRINT(.\Li
                    -stings\pantallas.lst) TABS(2) OBJECT(.\Objects\pantallas.obj)

line level    source

   1          #include<pantallas.h>
   2          #include <reg51.h>
   3          #include <string.h>
   4          
   5          sbit sel_com = P0^7;        //Micro switch    
   6          
   7          
   8          /*funciones externas*/
   9          extern char putchar (char c);
  10          extern void Block_read_Clock(unsigned char *datos_clock);
  11          extern void DebugBufferMF(unsigned char *str,unsigned char num_char,char io);
  12          extern void Debug_Dividir_texto();
  13          extern void clean_tx();
  14          extern void Debug_txt_Tibbo(unsigned char * str);
  15          extern void          _nop_     (void);
  16          extern void Debug_chr_Tibbo(unsigned char Dat);
  17          extern void Block_read_clock_ascii_rasberry(unsigned char *datos_clock);
  18          
  19          /*mensajes de salida desde 85 a 169*/
  20          
  21          #define INGRESE                 85          //0xDF //E3,E4,E5
  22          #define SIN_INGRESO             86          //0XE6
  23          #define SIN_PAGO                87            //0XE7
  24          #define EXCEDE_GRACIA           88          //0XE8
  25          #define MENSUAL_NO_PARK         89
  26          #define DIRIJASE_CAJA           90
  27          #define GRACIAS                 91            //0XFF,01
  28          /*mensajes mensual llega de lectura de wiegand de principal*/
  29          #define LECTURA_WIEGAND         92          //0xB0
  30          #define NO_IN_PARK              93            //B2
  31          #define EXPIRO                  94            //B4
  32          #define EXCEDE_HORARIO          95
  33          #define NO_MENSUAL_NI_PREPAGO   96
  34          #define MENSUAL_NO_PAGO         97
  35          #define IN_PARK                 99
  36          /*mensajes informativos*/
  37          
  38          
  39          #define ERROR_COD_PARK          170         //0XE5
  40          #define ERROR_LOOP              171         //0XE0
  41          #define TARJETA_INVALIDA        172           //0XE1
  42          #define TARJETA_SIN_FORMATO     173         //0xDF
  43          #define OFF_LINE                174         //B6
  44          #define UN_MOMENTO              175
  45          
  46          
  47          #define NOTIFIQUE_EVP           'N'
  48          #define NO_NOTIFIQUE_EVP        'S'
  49          #define COMPARANDO_PLACA        'P'           /*msj de eeror de placa*/
  50          #define ENVIANDO_COD            'D'
  51          #define INFO1                   'I'
  52          #define INFO2                   'i'
  53          
  54          /*variables externas */
C51 COMPILER V9.59.0.0   PANTALLAS                                                         07/27/2021 14:31:10 PAGE 2   

  55          extern unsigned char  Raspberry;
  56          /*------------------------------------------------------------------------------
  57          transmite el caracter pto serie
  58          data_com = al caracter a escribir
  59          enable_char_add = si esta en (1) envia un null (0) adicional, si es (0) no envia caracter adicional
  60          ------------------------------------------------------------------------------*/
  61          void tx_chrlcd (unsigned char data_com, unsigned char enable_char_add)
  62          {
  63   1        unsigned char d;
  64   1        d=putchar(data_com);
  65   1        if (enable_char_add != 0) d=putchar(0x00);
  66   1        
  67   1      }
  68          
  69          /*------------------------------------------------------------------------------
  70          envia un msj asta null(0)
  71          msg= apuntador del msj
  72          enable_char_add = si esta en (1) envia un null (0) adicional, si es (0) no envia caracter adicional
  73          ------------------------------------------------------------------------------*/
  74          void LCD_txt (unsigned char * msg,unsigned char enable_char_add )
  75          {
  76   1        unsigned char i;
  77   1         
  78   1        for (i=0; msg[i] != '\0'; i++)
  79   1        {
  80   2          tx_chrlcd(msg[i],enable_char_add);
  81   2        }
  82   1      }
  83          /*------------------------------------------------------------------------------
  84          Escribo el reloj en ascii en bloque 
  85          msg= apuntador del msj
  86          length_char longitud de la tram
  87          enable_char_add = si esta en (1) envia un null (0) adicional, si es (0) no envia caracter adicional
  88          ------------------------------------------------------------------------------*/
  89          void LCD_txt_num_char(unsigned char * msg,unsigned char length_char, unsigned char enable_char_add)
  90          {
  91   1        unsigned char i;
  92   1         
  93   1        for (i=0; i<length_char; i++)
  94   1        {
  95   2          tx_chrlcd(msg[i],enable_char_add);
  96   2        }
  97   1      }
  98          /*------------------------------------------------------------------------------
  99          Transmite una trama por el pto serie con el protocolo para  raspberry
 100          msg= es el apuntador del msj
 101          ------------------------------------------------------------------------------*/
 102          void Raspberry_data (unsigned char * msg)
 103          {
 104   1        static unsigned char i;
 105   1        unsigned char lenth_cadena;
 106   1        unsigned char d;
 107   1        
 108   1        lenth_cadena=strlen(msg);
 109   1        //Debug_chr_Tibbo(lenth_cadena);
 110   1        //Debug_Dividir_texto();  
 111   1        //Debug_txt_Tibbo(msg); 
 112   1        //Debug_Dividir_texto();    
 113   1        for (i=0;  i<lenth_cadena+1 ; i++)
 114   1        {
 115   2          d=putchar(*msg);
 116   2          msg++;
C51 COMPILER V9.59.0.0   PANTALLAS                                                         07/27/2021 14:31:10 PAGE 3   

 117   2        
 118   2        
 119   2         
 120   2        }
 121   1        
 122   1        
 123   1        
 124   1      }
 125          
 126          
 127          /*------------------------------------------------------------------------------
 128          Escribo el reloj en ascii en bloque 
 129          AA 80 28 trama de inicio de configuracion de la pantalla
 130          07 numero de caracteres de la trama de reloj
 131          20 19 03 26 09 21 20  el dato del reloj
 132          ------------------------------------------------------------------------------*/
 133          void Reloj_Pantalla_Lcd()
 134          {
 135   1      
 136   1       unsigned char Ini_Clock_LCD   []={0xaa,0x80,0x28,0x07,0x20,0x00,0,0,0,0,20,0,0} ;
 137   1                if (Raspberry==0)
 138   1                { 
 139   2                sel_com=0;                                                                      /*switch del pto serie a la pantalla*/
 140   2                Block_read_Clock(Ini_Clock_LCD+5);                                              /*Leo el reloj programado*/
 141   2                //Debug_Dividir_texto();                                                          /*lineas de separacion del texto*/
 142   2                //DebugBufferMF(Ini_Clock_LCD,12,0);                                              /*muestra la trama por debug*/
 143   2                //Debug_Dividir_texto();                                                          /*linea de separacion de texto*/
 144   2                REN = 0;                                                                        /*inhabilita recepcion de datos*/
 145   2                LCD_txt_num_char(Ini_Clock_LCD,13,0);                                           /*cmd de inicializacion del reloj del lcd*
             -/
 146   2                                                            
 147   2                REN = 1;                                                                        /*habilita recepcion de datos*/
 148   2                sel_com=1;  
 149   2                  /*switch pto serie a verificador o expedidor */
 150   2                }
 151   1                else
 152   1                {
 153   2                  sel_com=0;
 154   2                  Ini_Clock_LCD [0]=0;
 155   2                  strcpy(Ini_Clock_LCD,"d;");
 156   2                  Block_read_clock_ascii_rasberry(Ini_Clock_LCD+2);
 157   2                  strcat(Ini_Clock_LCD,"\n\0");
 158   2                  Raspberry_data (Ini_Clock_LCD);
 159   2                  sel_com=1;  
 160   2                }
 161   1      }
 162          /*------------------------------------------------------------------------------
 163          Rutina de msj de pantalla
 164          ------------------------------------------------------------------------------*/
 165          void PantallaLCD(unsigned char cod_msg)
 166          {
 167   1      
 168   1      unsigned char Ini_LCD_Line_one   []={0xaa,0x80,0x18,0x01,0x02,0x00} ;
 169   1      //unsigned char Ini_LCD_Line_two   []={0xaa,0x80,0x18,0x02,0x02,0x00} ;
 170   1      //unsigned char Ini_Off_Line []={0xaa,0x80,0x18,0x01,0x03,0x00} ;
 171   1        
 172   1      unsigned char num_chr;
 173   1      unsigned char xdata  *msjpantalla = 0;
 174   1        
 175   1          sel_com=0;
 176   1        
 177   1          if (Raspberry==0)
C51 COMPILER V9.59.0.0   PANTALLAS                                                         07/27/2021 14:31:10 PAGE 4   

 178   1          {
 179   2            LCD_txt (Ini_LCD_Line_one,0);
 180   2            
 181   2            switch (cod_msg)
 182   2            {
 183   3            /*mensajes de entrada lcd pto serie*/
 184   3                case INGRESE:
 185   3                    num_chr=strlen((unsigned char  *) "INGRESE TARJETA ");                    /*cmd 31 es en proceso de ejecucion
             - del firtware*/
 186   3                    tx_chrlcd(0x00,0);
 187   3                    tx_chrlcd(num_chr*2,0);
 188   3                    LCD_txt ((unsigned char *)"INGRESE TARJETA ",1);
 189   3                    break;
 190   3              
 191   3              case SIN_INGRESO:
 192   3                     
 193   3                    num_chr=strlen((unsigned char  *) "TARJETA SIN INGRESO ");
 194   3                    tx_chrlcd(0x00,0);
 195   3                    tx_chrlcd(num_chr*2,0);
 196   3                    LCD_txt ((unsigned char *)"TARJETA SIN INGRESO ",1);
 197   3                     break;
 198   3                  
 199   3              case SIN_PAGO:
 200   3                     
 201   3                    num_chr=strlen((unsigned char  *) "TARJETA NO REGISTRA PAGO ");
 202   3                    tx_chrlcd(0x00,0);
 203   3                    tx_chrlcd(num_chr*2,0);
 204   3                    LCD_txt ((unsigned char *)"TARJETA NO REGISTRA PAGO ",1);
 205   3                    break;
 206   3              case EXCEDE_GRACIA:
 207   3                    num_chr=strlen((unsigned char  *) "EXCEDE TIEMPO DE GRACIA ");
 208   3                    tx_chrlcd(0x00,0);
 209   3                    tx_chrlcd(num_chr*2,0);
 210   3                    LCD_txt ((unsigned char *)"EXCEDE TIEMPO DE GRACIA ",1);
 211   3                    break;  
 212   3              case MENSUAL_NO_PARK:
 213   3                    num_chr=strlen((unsigned char  *) "MENSUAL NO ESTA EN PARQUEADERO ");                   /*cmd 31 es en proce
             -so de ejecucion del firtware*/
 214   3                    tx_chrlcd(0x00,0);
 215   3                    tx_chrlcd(num_chr*2,0);
 216   3                    LCD_txt ((unsigned char *)"MENSUAL NO ESTA EN PARQUEADERO ",1);   
 217   3                    break;
 218   3              case DIRIJASE_CAJA:
 219   3                    num_chr=strlen((unsigned char  *) "DIRIJASE A CAJA ");                    /*cmd 31 es en proceso de ejecucion
             - del firtware*/
 220   3                    tx_chrlcd(0x00,0);
 221   3                    tx_chrlcd(num_chr*2,0);
 222   3                    LCD_txt ((unsigned char *)"DIRIJASE A CAJA ",1); 
 223   3                    break;
 224   3              case GRACIAS:
 225   3                       
 226   3                    num_chr=strlen((unsigned char  *) "GRACIAS... ");
 227   3                    tx_chrlcd(0x00,0);
 228   3                    tx_chrlcd(num_chr*2,0);
 229   3                    LCD_txt ((unsigned char *)"GRACIAS...",1); 
 230   3                    break;
 231   3              case NO_IN_PARK:
 232   3                    num_chr=strlen((unsigned char  *) "MENSUAL NO ESTA EN PARQUEADERO ");
 233   3                    tx_chrlcd(0x00,0);
 234   3                    tx_chrlcd(num_chr*2,0);
 235   3                    LCD_txt ((unsigned char *)"MENSUAL NO ESTA EN PARQUEADERO ",1); 
 236   3                    break;
C51 COMPILER V9.59.0.0   PANTALLAS                                                         07/27/2021 14:31:10 PAGE 5   

 237   3              case EXPIRO:
 238   3                    num_chr=strlen((unsigned char  *) "MENSUALIDAD VENCIDA ");
 239   3                    tx_chrlcd(0x00,0);
 240   3                    tx_chrlcd(num_chr*2,0);
 241   3                    LCD_txt ((unsigned char *)"MENSUALIDAD VENCIDA ",1); 
 242   3                    break;
 243   3               case EXCEDE_HORARIO:
 244   3                    num_chr=strlen((unsigned char  *) "MENSUALIDAD EXCEDE HORARIO ACERQUESE A CAJA ");
 245   3                    tx_chrlcd(0x00,0);
 246   3                    tx_chrlcd(num_chr*2,0);
 247   3                    LCD_txt ((unsigned char *)"MENSUALIDAD EXCEDE HORARIO ACERQUESE A CAJA ",1);            
 248   3                    break;
 249   3                         
 250   3               case NO_MENSUAL_NI_PREPAGO:
 251   3                    num_chr=strlen((unsigned char  *) "NO ES MENSUALIDAD NI PREPAGO");
 252   3                    tx_chrlcd(0x00,0);
 253   3                    tx_chrlcd(num_chr*2,0);
 254   3                    LCD_txt ((unsigned char *)"NO ES MENSUALIDAD NI PREPAGO",1);            
 255   3                    break;
 256   3                         
 257   3                case MENSUAL_NO_PAGO:
 258   3                    num_chr=strlen((unsigned char  *) "MENSUAL NO PAGO LOCACION HOY");
 259   3                    tx_chrlcd(0x00,0);
 260   3                    tx_chrlcd(num_chr*2,0);
 261   3                    LCD_txt ((unsigned char *)"MENSUAL NO PAGO LOCACION HOY",1);            
 262   3                    break;
 263   3                      
 264   3              
 265   3              /*mensajes informativos por lcd pto serie*/
 266   3              
 267   3                 case ERROR_COD_PARK:
 268   3                       
 269   3                    num_chr=strlen((unsigned char  *) "TARJETA NO ES DEL PARQUEADERO ");
 270   3                    tx_chrlcd(0x00,0);
 271   3                    tx_chrlcd(num_chr*2,0);
 272   3                    LCD_txt ((unsigned char *)"TARJETA NO ES DEL PARQUEADERO ",1); 
 273   3                    break;     
 274   3                 case ERROR_LOOP:
 275   3                     
 276   3                    num_chr=strlen((unsigned char  *) "SIN PRESENCIA VEHICULAR ");
 277   3                    tx_chrlcd(0x00,0);
 278   3                    tx_chrlcd(num_chr*2,0);
 279   3                    LCD_txt ((unsigned char *)"SIN PRESENCIA VEHICULAR ",1); 
 280   3                    break;
 281   3                  case TARJETA_INVALIDA:
 282   3                     
 283   3                    num_chr=strlen((unsigned char  *) "TARJETA INVALIDA ");
 284   3                    tx_chrlcd(0x00,0);
 285   3                    tx_chrlcd(num_chr*2,0);
 286   3                    LCD_txt ((unsigned char *)"TARJETA INVALIDA ",1); 
 287   3                    break;
 288   3                   case TARJETA_SIN_FORMATO:
 289   3                      
 290   3                    num_chr=strlen((unsigned char  *) "TARJETA SIN FORMATO ");
 291   3                    tx_chrlcd(0x00,0);
 292   3                    tx_chrlcd(num_chr*2,0);
 293   3                    LCD_txt ((unsigned char *)"TARJETA SIN FORMATO ",1); 
 294   3                    break;
 295   3                
 296   3                   case   OFF_LINE:
 297   3                
 298   3                    num_chr=strlen((unsigned char *) "FUERA DE LINEA ");
C51 COMPILER V9.59.0.0   PANTALLAS                                                         07/27/2021 14:31:10 PAGE 6   

 299   3                    tx_chrlcd(0x00,0);
 300   3                    tx_chrlcd(num_chr*2,0);
 301   3                    LCD_txt((unsigned char *)        "FUERA DE LINEA ",1);
 302   3                    break;
 303   3                
 304   3                  case UN_MOMENTO:
 305   3                    num_chr=strlen((unsigned char *) "UN MOMENTO POR FAVOR ");
 306   3                    tx_chrlcd(0x00,0);
 307   3                    tx_chrlcd(num_chr*2,0);
 308   3                    LCD_txt((unsigned char *)        "UN MOMENTO POR FAVOR ",1);
 309   3                    break;
 310   3                  default:
 311   3            
 312   3                  break;  
 313   3            }
 314   2              sel_com=1;  
 315   2        
 316   2          }
 317   1            else
 318   1            {
 319   2               sel_com=0;   
 320   2               switch (cod_msg)
 321   2               {
 322   3                    /*msj de entrada*/
 323   3                 
 324   3                  case INGRESE:
 325   3                        strcpy(msjpantalla,"a;85;INGRESE TARJETA\n\0");
 326   3                        Raspberry_data(msjpantalla);
 327   3                        //Raspberry_data((unsigned char  *) "a;85;INGRESE TARJETA\n\0");                    /*cmd 31 es en proceso 
             -de ejecucion del firtware*/
 328   3                        break;
 329   3                  case SIN_INGRESO:
 330   3                        strcpy(msjpantalla,"a;86;TARJETA SIN INGRESO\n\0");
 331   3                        Raspberry_data(msjpantalla);
 332   3                        //Raspberry_data((unsigned char  *) "a;86;TARJETA SIN INGRESO \n\0");
 333   3                        break;
 334   3                  
 335   3                  case SIN_PAGO:
 336   3                        strcpy(msjpantalla,"a;87;TARJETA NO REGISTRA PAGO\n\0");
 337   3                        Raspberry_data (msjpantalla);
 338   3                        //Raspberry_data((unsigned char  *) "a;87;TARJETA NO REGISTRA PAGO\n\0");
 339   3                        break;
 340   3                  case EXCEDE_GRACIA:
 341   3                        strcpy(msjpantalla,"a;88;EXCEDE TIEMPO DE GRACIA\n\0");
 342   3                        Raspberry_data (msjpantalla);
 343   3                        //Raspberry_data((unsigned char  *) "a;88;EXCEDE TIEMPO DE GRACIA \n\0");
 344   3                        break;  
 345   3                  case MENSUAL_NO_PARK:
 346   3                        strcpy(msjpantalla,"a;89;MENSUAL NO ESTA EN PARQUEADERO\n\0");
 347   3                        Raspberry_data (msjpantalla);
 348   3                        //Raspberry_data((unsigned char  *) "a;89;MENSUAL NO ESTA EN PARQUEADERO\n\0");                   /*cmd 31
             - es en proceso de ejecucion del firtware*/
 349   3                        break;
 350   3                  case DIRIJASE_CAJA:
 351   3                        strcpy(msjpantalla,"a;90;DIRIJASE A CAJA\n\0");
 352   3                        Raspberry_data (msjpantalla);
 353   3                        //Raspberry_data((unsigned char  *) "a;90;DIRIJASE A CAJA\n\0");                    /*cmd 31 es en proceso 
             -de ejecucion del firtware*/
 354   3                        break;
 355   3                  case GRACIAS:
 356   3                        strcpy(msjpantalla,"a;91;GRACIAS... \n\0");
 357   3                        Raspberry_data (msjpantalla);
C51 COMPILER V9.59.0.0   PANTALLAS                                                         07/27/2021 14:31:10 PAGE 7   

 358   3                        //Raspberry_data((unsigned char  *) "a;91;GRACIAS... \n\0");
 359   3                        break;
 360   3                  case NO_IN_PARK:
 361   3                        strcpy(msjpantalla,"a;93;MENSUAL NO ESTA EN PARQUEADERO\n\0");
 362   3                        Raspberry_data (msjpantalla);
 363   3                        //Raspberry_data((unsigned char  *) "a;93;MENSUAL NO ESTA EN PARQUEADERO\n\0");
 364   3                        break;
 365   3                  case IN_PARK:
 366   3                        strcpy(msjpantalla,"a;93;MENSUAL ESTA EN PARQUEADERO\n\0");
 367   3                        Raspberry_data (msjpantalla);
 368   3                        //Raspberry_data((unsigned char  *) "a;93;MENSUAL NO ESTA EN PARQUEADERO\n\r\0");
 369   3                        break;  
 370   3                 case EXPIRO:
 371   3                        strcpy(msjpantalla,"a;94;MENSUALIDAD VENCIDA\n\0");
 372   3                        Raspberry_data(msjpantalla);
 373   3                        //Raspberry_data((unsigned char  *) "a;94;MENSUALIDAD VENCIDA\n\0");
 374   3                        break;
 375   3                       
 376   3                 case EXCEDE_HORARIO:
 377   3                        strcpy(msjpantalla,"a;95;MENSUALIDAD EXCEDE HORARIO ACERQUESE A CAJA\n\0");
 378   3                        Raspberry_data(msjpantalla);
 379   3                        //Raspberry_data((unsigned char  *) "a;95;MENSUALIDAD EXCEDE HORARIO ACERQUESE A CAJA\n\0");
 380   3                        break;
 381   3                         
 382   3                 case NO_MENSUAL_NI_PREPAGO:
 383   3                        strcpy(msjpantalla,"a;96;NO ES MENSUALIDAD NI PREPAGO\n\0");
 384   3                        Raspberry_data(msjpantalla);
 385   3                        //Raspberry_data((unsigned char  *) "a;96;NO ES MENSUALIDAD NI PREPAGO\n\0");
 386   3                        break;
 387   3                 
 388   3                  case MENSUAL_NO_PAGO:
 389   3                        strcpy(msjpantalla,"a;97;MENSUAL NO PAGO LOCACION HOY\n\0");
 390   3                        Raspberry_data(msjpantalla);
 391   3                        //Raspberry_data((unsigned char  *) "a;97;MENSUAL NO PAGO LOCACION HOY\n\0");
 392   3                        break;
 393   3                
 394   3                  /*msj informativos */
 395   3                  
 396   3                 case ERROR_COD_PARK:
 397   3                        strcpy(msjpantalla,"a;98;TARJETA NO ES DEL PARQUEADERO\n\0");
 398   3                        Raspberry_data (msjpantalla);
 399   3                        //Raspberry_data((unsigned char  *) "a;98;TARJETA NO ES DEL PARQUEADERO \n\0");
 400   3                        break;     
 401   3                 case ERROR_LOOP:
 402   3                        strcpy(msjpantalla,"a;98;SIN PRESENCIA VEHICULAR\n\0");
 403   3                        Raspberry_data (msjpantalla);
 404   3                        //Raspberry_data((unsigned char  *) "a;98;SIN PRESENCIA VEHICULAR \n\0");
 405   3                        break;
 406   3                  case TARJETA_INVALIDA:
 407   3                     
 408   3                        Raspberry_data((unsigned char  *) "a;98;TARJETA INVALIDA \n\0");
 409   3                        
 410   3                        break;
 411   3                 case TARJETA_SIN_FORMATO:
 412   3                        strcpy(msjpantalla,"a;98;TARJETA SIN FORMATO\n\0");
 413   3                        Raspberry_data (msjpantalla);
 414   3                        //Raspberry_data((unsigned char  *) "a;98;TARJETA SIN FORMATO \n\0");
 415   3                        break;
 416   3                 case OFF_LINE:
 417   3                        strcpy(msjpantalla,"a;98;FUERA DE LINEA\n\0");
 418   3                        Raspberry_data (msjpantalla);
 419   3                        //Raspberry_data((unsigned char  *) "a;98;FUERA DE LINEA\n\0");
C51 COMPILER V9.59.0.0   PANTALLAS                                                         07/27/2021 14:31:10 PAGE 8   

 420   3                        break;
 421   3                
 422   3                case UN_MOMENTO:
 423   3                        strcpy(msjpantalla,"a;98;UN MOMENTO POR FAVOR\n\0");
 424   3                        Raspberry_data (msjpantalla);
 425   3                        //Raspberry_data((unsigned char  *) "a;98;UN MOMENTO POR FAVOR\n\0");
 426   3                        break;
 427   3                
 428   3                default:
 429   3            
 430   3                break;  
 431   3               }
 432   2               sel_com=1;   
 433   2            }
 434   1            
 435   1           
 436   1      
 437   1      }
 438          void PantallaLCD_LINEA_2(unsigned char cod_msg, unsigned char *buffer)
 439          {
 440   1        
 441   1      unsigned char Ini_LCD_Line_one   []={0xaa,0x80,0x18,0x01,0x02,0x00} ;
 442   1      
 443   1      
 444   1      unsigned char num_chr;
 445   1      unsigned char buf[31];
 446   1      
 447   1        
 448   1      sel_com=0;
 449   1        
 450   1          if (Raspberry==0)
 451   1          {
 452   2          
 453   2            
 454   2            switch (cod_msg)
 455   2            {
 456   3          
 457   3              case  LECTURA_WIEGAND:
 458   3                LCD_txt (Ini_LCD_Line_one,0);
 459   3                num_chr=strlen((unsigned char *) "WIEGAND ");
 460   3                num_chr=num_chr+strlen(buffer)+1;
 461   3                tx_chrlcd(0x00,0);
 462   3                tx_chrlcd(num_chr*2,0);
 463   3                LCD_txt((unsigned char *)        "WIEGAND ",1);                       /*funcion q trasmite el msj al LCD  y el 
             -(1) coloca los caracteres NULL*/
 464   3                LCD_txt(buffer,1);                                                    /*funcion q trasmite el msj al LCD  y el (1) coloca los 
             -caracteres NULL*/
 465   3                break;
 466   3              case GRACIAS:
 467   3                LCD_txt (Ini_LCD_Line_one,0);
 468   3                num_chr=strlen((unsigned char *) "GRACIAS ");
 469   3                num_chr=num_chr+strlen(buffer)+1;
 470   3                tx_chrlcd(0x00,0);
 471   3                tx_chrlcd(num_chr*2,0);
 472   3                LCD_txt((unsigned char *)        "GRACIAS ",1);                       /*funcion q trasmite el msj al LCD  y el 
             -(1) coloca los caracteres NULL*/
 473   3                LCD_txt(buffer,1);    
 474   3                break;  
 475   3            default:
 476   3            
 477   3              break;  
 478   3            
C51 COMPILER V9.59.0.0   PANTALLAS                                                         07/27/2021 14:31:10 PAGE 9   

 479   3            }
 480   2              sel_com=1;  
 481   2          }
 482   1          else
 483   1          {
 484   2             sel_com=0;   
 485   2             switch (cod_msg)
 486   2             {
 487   3               case LECTURA_WIEGAND:
 488   3                
 489   3                  strcpy(buf,"a;92;WIEGAND:");
 490   3                  strcat(buf,buffer);
 491   3                  strcat(buf,"\n\d");
 492   3                  Raspberry_data((unsigned char  *) buf); 
 493   3                
 494   3                  break;
 495   3               
 496   3                case GRACIAS:
 497   3                  strcpy(buf,"a;91;GRACIAS ");
 498   3                  num_chr=strlen(buffer);
 499   3                  *(buffer+(num_chr-1))=0;
 500   3                  strcat(buf,buffer);
 501   3                  strcat(buf,"\n\d");
 502   3                  Raspberry_data((unsigned char  *) buf); 
 503   3                  break;
 504   3              default:
 505   3            
 506   3                break;  
 507   3             }
 508   2             sel_com=1; 
 509   2          }
 510   1          
 511   1        
 512   1      }


MODULE INFORMATION:   STATIC OVERLAYABLE
   CODE SIZE        =   1943    ----
   CONSTANT SIZE    =   1084    ----
   XDATA SIZE       =      1      83
   PDATA SIZE       =   ----    ----
   DATA SIZE        =   ----    ----
   IDATA SIZE       =   ----    ----
   BIT SIZE         =   ----    ----
END OF MODULE INFORMATION.


C51 COMPILATION COMPLETE.  0 WARNING(S),  0 ERROR(S)
